[2018-06-17 05:16:19,137] DEBUG preRegister called. Server=com.sun.jmx.mbeanserver.JmxMBeanServer@66d3c617, name=log4j:logger=kafka.controller (kafka.controller)
[2018-06-17 05:22:17,323] INFO [controller-event-thread]: Starting (kafka.controller.ControllerEventManager$ControllerEventThread)
[2018-06-17 05:22:17,348] INFO [Controller id=0] 0 successfully elected as the controller (kafka.controller.KafkaController)
[2018-06-17 05:22:17,349] INFO [Controller id=0] Starting become controller state transition (kafka.controller.KafkaController)
[2018-06-17 05:22:17,365] INFO [Controller id=0] Incremented epoch to 1 (kafka.controller.KafkaController)
[2018-06-17 05:22:17,371] DEBUG [Controller id=0] Registering IsrChangeNotificationListener (kafka.controller.KafkaController)
[2018-06-17 05:22:17,393] DEBUG [Controller id=0] Registering logDirEventNotificationListener (kafka.controller.KafkaController)
[2018-06-17 05:22:17,411] INFO [Controller id=0] Partitions being reassigned: Map() (kafka.controller.KafkaController)
[2018-06-17 05:22:17,411] INFO [Controller id=0] Partitions already reassigned: Set() (kafka.controller.KafkaController)
[2018-06-17 05:22:17,412] INFO [Controller id=0] Resuming reassignment of partitions: Map() (kafka.controller.KafkaController)
[2018-06-17 05:22:17,414] INFO [Controller id=0] Currently active brokers in the cluster: Set() (kafka.controller.KafkaController)
[2018-06-17 05:22:17,414] INFO [Controller id=0] Currently shutting brokers in the cluster: Set() (kafka.controller.KafkaController)
[2018-06-17 05:22:17,415] INFO [Controller id=0] Current list of topics in the cluster: Set() (kafka.controller.KafkaController)
[2018-06-17 05:22:17,426] INFO [Controller id=0] List of topics to be deleted:  (kafka.controller.KafkaController)
[2018-06-17 05:22:17,426] INFO [Controller id=0] List of topics ineligible for deletion:  (kafka.controller.KafkaController)
[2018-06-17 05:22:17,439] INFO [ReplicaStateMachine controllerId=0] Started replica state machine with initial state -> Map() (kafka.controller.ReplicaStateMachine)
[2018-06-17 05:22:17,458] INFO [PartitionStateMachine controllerId=0] Started partition state machine with initial state -> Map() (kafka.controller.PartitionStateMachine)
[2018-06-17 05:22:17,458] INFO [Controller id=0] Ready to serve as the new controller with epoch 1 (kafka.controller.KafkaController)
[2018-06-17 05:22:17,465] INFO [Controller id=0] Partitions undergoing preferred replica election:  (kafka.controller.KafkaController)
[2018-06-17 05:22:17,466] INFO [Controller id=0] Partitions that completed preferred replica election:  (kafka.controller.KafkaController)
[2018-06-17 05:22:17,466] INFO [Controller id=0] Skipping preferred replica election for partitions due to topic deletion:  (kafka.controller.KafkaController)
[2018-06-17 05:22:17,468] INFO [Controller id=0] Resuming preferred replica election for partitions:  (kafka.controller.KafkaController)
[2018-06-17 05:22:17,469] INFO [Controller id=0] Starting preferred replica leader election for partitions  (kafka.controller.KafkaController)
[2018-06-17 05:22:17,471] INFO [PartitionStateMachine controllerId=0] Invoking state change to OnlinePartition for partitions  (kafka.controller.PartitionStateMachine)
[2018-06-17 05:22:17,479] INFO [Controller id=0] Starting the controller scheduler (kafka.controller.KafkaController)
[2018-06-17 05:22:19,486] INFO [controller-event-thread]: Shutting down (kafka.controller.ControllerEventManager$ControllerEventThread)
[2018-06-17 05:22:19,486] INFO [controller-event-thread]: Stopped (kafka.controller.ControllerEventManager$ControllerEventThread)
[2018-06-17 05:22:19,486] INFO [controller-event-thread]: Shutdown completed (kafka.controller.ControllerEventManager$ControllerEventThread)
[2018-06-17 05:22:19,487] DEBUG [Controller id=0] Resigning (kafka.controller.KafkaController)
[2018-06-17 05:22:19,487] DEBUG [Controller id=0] De-registering IsrChangeNotificationListener (kafka.controller.KafkaController)
[2018-06-17 05:22:19,488] DEBUG [Controller id=0] De-registering logDirEventNotificationListener (kafka.controller.KafkaController)
[2018-06-17 05:22:19,489] INFO [PartitionStateMachine controllerId=0] Stopped partition state machine (kafka.controller.PartitionStateMachine)
[2018-06-17 05:22:19,489] INFO [ReplicaStateMachine controllerId=0] Stopped replica state machine (kafka.controller.ReplicaStateMachine)
[2018-06-17 05:22:19,490] INFO [Controller id=0] Resigned (kafka.controller.KafkaController)
[2018-06-17 05:25:21,293] INFO [controller-event-thread]: Starting (kafka.controller.ControllerEventManager$ControllerEventThread)
[2018-06-17 05:25:21,322] INFO [Controller id=0] 0 successfully elected as the controller (kafka.controller.KafkaController)
[2018-06-17 05:25:21,323] INFO [Controller id=0] Starting become controller state transition (kafka.controller.KafkaController)
[2018-06-17 05:25:21,329] INFO [Controller id=0] Initialized controller epoch to 1 and zk version 0 (kafka.controller.KafkaController)
[2018-06-17 05:25:21,332] INFO [Controller id=0] Incremented epoch to 2 (kafka.controller.KafkaController)
[2018-06-17 05:25:21,337] DEBUG [Controller id=0] Registering IsrChangeNotificationListener (kafka.controller.KafkaController)
[2018-06-17 05:25:21,356] DEBUG [Controller id=0] Registering logDirEventNotificationListener (kafka.controller.KafkaController)
[2018-06-17 05:25:21,373] INFO [Controller id=0] Partitions being reassigned: Map() (kafka.controller.KafkaController)
[2018-06-17 05:25:21,374] INFO [Controller id=0] Partitions already reassigned: Set() (kafka.controller.KafkaController)
[2018-06-17 05:25:21,375] INFO [Controller id=0] Resuming reassignment of partitions: Map() (kafka.controller.KafkaController)
[2018-06-17 05:25:21,376] INFO [Controller id=0] Currently active brokers in the cluster: Set() (kafka.controller.KafkaController)
[2018-06-17 05:25:21,376] INFO [Controller id=0] Currently shutting brokers in the cluster: Set() (kafka.controller.KafkaController)
[2018-06-17 05:25:21,377] INFO [Controller id=0] Current list of topics in the cluster: Set() (kafka.controller.KafkaController)
[2018-06-17 05:25:21,383] INFO [Controller id=0] List of topics to be deleted:  (kafka.controller.KafkaController)
[2018-06-17 05:25:21,383] INFO [Controller id=0] List of topics ineligible for deletion:  (kafka.controller.KafkaController)
[2018-06-17 05:25:21,398] INFO [ReplicaStateMachine controllerId=0] Started replica state machine with initial state -> Map() (kafka.controller.ReplicaStateMachine)
[2018-06-17 05:25:21,400] INFO [PartitionStateMachine controllerId=0] Started partition state machine with initial state -> Map() (kafka.controller.PartitionStateMachine)
[2018-06-17 05:25:21,401] INFO [Controller id=0] Ready to serve as the new controller with epoch 2 (kafka.controller.KafkaController)
[2018-06-17 05:25:21,404] INFO [Controller id=0] Partitions undergoing preferred replica election:  (kafka.controller.KafkaController)
[2018-06-17 05:25:21,404] INFO [Controller id=0] Partitions that completed preferred replica election:  (kafka.controller.KafkaController)
[2018-06-17 05:25:21,405] INFO [Controller id=0] Skipping preferred replica election for partitions due to topic deletion:  (kafka.controller.KafkaController)
[2018-06-17 05:25:21,405] INFO [Controller id=0] Resuming preferred replica election for partitions:  (kafka.controller.KafkaController)
[2018-06-17 05:25:21,405] INFO [Controller id=0] Starting preferred replica leader election for partitions  (kafka.controller.KafkaController)
[2018-06-17 05:25:21,408] INFO [PartitionStateMachine controllerId=0] Invoking state change to OnlinePartition for partitions  (kafka.controller.PartitionStateMachine)
[2018-06-17 05:25:21,416] INFO [Controller id=0] Starting the controller scheduler (kafka.controller.KafkaController)
[2018-06-17 05:25:21,444] INFO [Controller id=0] Newly added brokers: 0, deleted brokers: , all live brokers: 0 (kafka.controller.KafkaController)
[2018-06-17 05:25:21,445] DEBUG [Channel manager on controller 0]: Controller 0 trying to connect to broker 0 (kafka.controller.ControllerChannelManager)
[2018-06-17 05:25:21,453] INFO [Controller-0-to-broker-0-send-thread]: Starting (kafka.controller.RequestSendThread)
[2018-06-17 05:25:21,454] INFO [Controller id=0] New broker startup callback for 0 (kafka.controller.KafkaController)
[2018-06-17 05:25:21,466] INFO [Controller-0-to-broker-0-send-thread]: Controller 0 connected to vps168153.superdata.vn:9092 (id: 0 rack: null) for sending state change requests (kafka.controller.RequestSendThread)
[2018-06-17 05:25:26,418] TRACE [Controller id=0] Checking need to trigger auto leader balancing (kafka.controller.KafkaController)
[2018-06-17 05:25:26,422] DEBUG [Controller id=0] Preferred replicas by broker Map() (kafka.controller.KafkaController)
[2018-06-17 05:26:16,569] INFO [Controller id=0] Shutting down broker 0 (kafka.controller.KafkaController)
[2018-06-17 05:26:16,570] DEBUG [Controller id=0] All shutting down brokers: 0 (kafka.controller.KafkaController)
[2018-06-17 05:26:16,570] DEBUG [Controller id=0] Live brokers:  (kafka.controller.KafkaController)
[2018-06-17 05:26:16,571] TRACE [Controller id=0] All leaders =  (kafka.controller.KafkaController)
[2018-06-17 05:26:17,333] INFO [controller-event-thread]: Shutting down (kafka.controller.ControllerEventManager$ControllerEventThread)
[2018-06-17 05:26:17,333] INFO [controller-event-thread]: Stopped (kafka.controller.ControllerEventManager$ControllerEventThread)
[2018-06-17 05:26:17,333] INFO [controller-event-thread]: Shutdown completed (kafka.controller.ControllerEventManager$ControllerEventThread)
[2018-06-17 05:26:17,334] DEBUG [Controller id=0] Resigning (kafka.controller.KafkaController)
[2018-06-17 05:26:17,334] DEBUG [Controller id=0] De-registering IsrChangeNotificationListener (kafka.controller.KafkaController)
[2018-06-17 05:26:17,335] DEBUG [Controller id=0] De-registering logDirEventNotificationListener (kafka.controller.KafkaController)
[2018-06-17 05:26:17,336] INFO [PartitionStateMachine controllerId=0] Stopped partition state machine (kafka.controller.PartitionStateMachine)
[2018-06-17 05:26:17,336] INFO [ReplicaStateMachine controllerId=0] Stopped replica state machine (kafka.controller.ReplicaStateMachine)
[2018-06-17 05:26:17,337] INFO [Controller-0-to-broker-0-send-thread]: Shutting down (kafka.controller.RequestSendThread)
[2018-06-17 05:26:17,337] INFO [Controller-0-to-broker-0-send-thread]: Stopped (kafka.controller.RequestSendThread)
[2018-06-17 05:26:17,337] INFO [Controller-0-to-broker-0-send-thread]: Shutdown completed (kafka.controller.RequestSendThread)
[2018-06-17 05:26:17,339] INFO [Controller id=0] Resigned (kafka.controller.KafkaController)
[2018-06-17 05:28:12,909] INFO [controller-event-thread]: Starting (kafka.controller.ControllerEventManager$ControllerEventThread)
[2018-06-17 05:28:12,937] INFO [Controller id=0] 0 successfully elected as the controller (kafka.controller.KafkaController)
[2018-06-17 05:28:12,938] INFO [Controller id=0] Starting become controller state transition (kafka.controller.KafkaController)
[2018-06-17 05:28:12,940] INFO [Controller id=0] Initialized controller epoch to 2 and zk version 1 (kafka.controller.KafkaController)
[2018-06-17 05:28:12,945] INFO [Controller id=0] Incremented epoch to 3 (kafka.controller.KafkaController)
[2018-06-17 05:28:12,954] DEBUG [Controller id=0] Registering IsrChangeNotificationListener (kafka.controller.KafkaController)
[2018-06-17 05:28:12,972] DEBUG [Controller id=0] Registering logDirEventNotificationListener (kafka.controller.KafkaController)
[2018-06-17 05:28:12,995] INFO [Controller id=0] Partitions being reassigned: Map() (kafka.controller.KafkaController)
[2018-06-17 05:28:12,995] INFO [Controller id=0] Partitions already reassigned: Set() (kafka.controller.KafkaController)
[2018-06-17 05:28:12,996] INFO [Controller id=0] Resuming reassignment of partitions: Map() (kafka.controller.KafkaController)
[2018-06-17 05:28:12,997] INFO [Controller id=0] Currently active brokers in the cluster: Set() (kafka.controller.KafkaController)
[2018-06-17 05:28:12,998] INFO [Controller id=0] Currently shutting brokers in the cluster: Set() (kafka.controller.KafkaController)
[2018-06-17 05:28:12,998] INFO [Controller id=0] Current list of topics in the cluster: Set() (kafka.controller.KafkaController)
[2018-06-17 05:28:13,003] INFO [Controller id=0] List of topics to be deleted:  (kafka.controller.KafkaController)
[2018-06-17 05:28:13,003] INFO [Controller id=0] List of topics ineligible for deletion:  (kafka.controller.KafkaController)
[2018-06-17 05:28:13,017] INFO [ReplicaStateMachine controllerId=0] Started replica state machine with initial state -> Map() (kafka.controller.ReplicaStateMachine)
[2018-06-17 05:28:13,019] INFO [PartitionStateMachine controllerId=0] Started partition state machine with initial state -> Map() (kafka.controller.PartitionStateMachine)
[2018-06-17 05:28:13,020] INFO [Controller id=0] Ready to serve as the new controller with epoch 3 (kafka.controller.KafkaController)
[2018-06-17 05:28:13,023] INFO [Controller id=0] Partitions undergoing preferred replica election:  (kafka.controller.KafkaController)
[2018-06-17 05:28:13,023] INFO [Controller id=0] Partitions that completed preferred replica election:  (kafka.controller.KafkaController)
[2018-06-17 05:28:13,023] INFO [Controller id=0] Skipping preferred replica election for partitions due to topic deletion:  (kafka.controller.KafkaController)
[2018-06-17 05:28:13,024] INFO [Controller id=0] Resuming preferred replica election for partitions:  (kafka.controller.KafkaController)
[2018-06-17 05:28:13,024] INFO [Controller id=0] Starting preferred replica leader election for partitions  (kafka.controller.KafkaController)
[2018-06-17 05:28:13,026] INFO [PartitionStateMachine controllerId=0] Invoking state change to OnlinePartition for partitions  (kafka.controller.PartitionStateMachine)
[2018-06-17 05:28:13,032] INFO [Controller id=0] Starting the controller scheduler (kafka.controller.KafkaController)
[2018-06-17 05:28:13,055] INFO [Controller id=0] Newly added brokers: 0, deleted brokers: , all live brokers: 0 (kafka.controller.KafkaController)
[2018-06-17 05:28:13,056] DEBUG [Channel manager on controller 0]: Controller 0 trying to connect to broker 0 (kafka.controller.ControllerChannelManager)
[2018-06-17 05:28:13,064] INFO [Controller-0-to-broker-0-send-thread]: Starting (kafka.controller.RequestSendThread)
[2018-06-17 05:28:13,064] INFO [Controller id=0] New broker startup callback for 0 (kafka.controller.KafkaController)
[2018-06-17 05:28:13,075] INFO [Controller-0-to-broker-0-send-thread]: Controller 0 connected to vps168153.superdata.vn:9092 (id: 0 rack: null) for sending state change requests (kafka.controller.RequestSendThread)
[2018-06-17 05:28:18,048] TRACE [Controller id=0] Checking need to trigger auto leader balancing (kafka.controller.KafkaController)
[2018-06-17 05:28:18,050] DEBUG [Controller id=0] Preferred replicas by broker Map() (kafka.controller.KafkaController)
[2018-06-17 05:32:23,320] INFO [Controller id=0] New topics: [Set(topic_init)], deleted topics: [Set()], new partition replica assignment [Map(topic_init-0 -> Vector(0))] (kafka.controller.KafkaController)
[2018-06-17 05:32:23,321] INFO [Controller id=0] New topic creation callback for topic_init-0 (kafka.controller.KafkaController)
[2018-06-17 05:32:23,328] INFO [Controller id=0] New partition creation callback for topic_init-0 (kafka.controller.KafkaController)
[2018-06-17 05:32:23,328] INFO [PartitionStateMachine controllerId=0] Invoking state change to NewPartition for partitions topic_init-0 (kafka.controller.PartitionStateMachine)
[2018-06-17 05:32:23,332] INFO [ReplicaStateMachine controllerId=0] Invoking state change to NewReplica for replicas [Topic=topic_init,Partition=0,Replica=0] (kafka.controller.ReplicaStateMachine)
[2018-06-17 05:32:23,336] INFO [PartitionStateMachine controllerId=0] Invoking state change to OnlinePartition for partitions topic_init-0 (kafka.controller.PartitionStateMachine)
[2018-06-17 05:32:23,337] DEBUG [PartitionStateMachine controllerId=0] Live assigned replicas for partition topic_init-0 are: [List(0)] (kafka.controller.PartitionStateMachine)
[2018-06-17 05:32:23,338] DEBUG [PartitionStateMachine controllerId=0] Initializing leader and isr for partition topic_init-0 to (Leader:0,ISR:0,LeaderEpoch:0,ControllerEpoch:3) (kafka.controller.PartitionStateMachine)
[2018-06-17 05:32:23,374] INFO [ReplicaStateMachine controllerId=0] Invoking state change to OnlineReplica for replicas [Topic=topic_init,Partition=0,Replica=0] (kafka.controller.ReplicaStateMachine)
[2018-06-17 05:32:33,266] INFO [Controller id=0] New topics: [Set(topic_exec)], deleted topics: [Set()], new partition replica assignment [Map(topic_exec-0 -> Vector(0))] (kafka.controller.KafkaController)
[2018-06-17 05:32:33,266] INFO [Controller id=0] New topic creation callback for topic_exec-0 (kafka.controller.KafkaController)
[2018-06-17 05:32:33,268] INFO [Controller id=0] New partition creation callback for topic_exec-0 (kafka.controller.KafkaController)
[2018-06-17 05:32:33,268] INFO [PartitionStateMachine controllerId=0] Invoking state change to NewPartition for partitions topic_exec-0 (kafka.controller.PartitionStateMachine)
[2018-06-17 05:32:33,269] INFO [ReplicaStateMachine controllerId=0] Invoking state change to NewReplica for replicas [Topic=topic_exec,Partition=0,Replica=0] (kafka.controller.ReplicaStateMachine)
[2018-06-17 05:32:33,270] INFO [PartitionStateMachine controllerId=0] Invoking state change to OnlinePartition for partitions topic_exec-0 (kafka.controller.PartitionStateMachine)
[2018-06-17 05:32:33,270] DEBUG [PartitionStateMachine controllerId=0] Live assigned replicas for partition topic_exec-0 are: [List(0)] (kafka.controller.PartitionStateMachine)
[2018-06-17 05:32:33,270] DEBUG [PartitionStateMachine controllerId=0] Initializing leader and isr for partition topic_exec-0 to (Leader:0,ISR:0,LeaderEpoch:0,ControllerEpoch:3) (kafka.controller.PartitionStateMachine)
[2018-06-17 05:32:33,320] INFO [ReplicaStateMachine controllerId=0] Invoking state change to OnlineReplica for replicas [Topic=topic_exec,Partition=0,Replica=0] (kafka.controller.ReplicaStateMachine)
[2018-06-17 05:33:18,051] TRACE [Controller id=0] Checking need to trigger auto leader balancing (kafka.controller.KafkaController)
[2018-06-17 05:33:18,052] DEBUG [Controller id=0] Preferred replicas by broker Map(0 -> Map(topic_exec-0 -> Vector(0), topic_init-0 -> Vector(0))) (kafka.controller.KafkaController)
[2018-06-17 05:33:18,053] DEBUG [Controller id=0] Topics not in preferred replica Map() (kafka.controller.KafkaController)
[2018-06-17 05:33:18,053] TRACE [Controller id=0] Leader imbalance ratio for broker 0 is 0.0 (kafka.controller.KafkaController)
[2018-06-17 05:38:18,054] TRACE [Controller id=0] Checking need to trigger auto leader balancing (kafka.controller.KafkaController)
[2018-06-17 05:38:18,054] DEBUG [Controller id=0] Preferred replicas by broker Map(0 -> Map(topic_exec-0 -> Vector(0), topic_init-0 -> Vector(0))) (kafka.controller.KafkaController)
[2018-06-17 05:38:18,054] DEBUG [Controller id=0] Topics not in preferred replica Map() (kafka.controller.KafkaController)
[2018-06-17 05:38:18,054] TRACE [Controller id=0] Leader imbalance ratio for broker 0 is 0.0 (kafka.controller.KafkaController)
[2018-06-17 05:43:18,055] TRACE [Controller id=0] Checking need to trigger auto leader balancing (kafka.controller.KafkaController)
[2018-06-17 05:43:18,055] DEBUG [Controller id=0] Preferred replicas by broker Map(0 -> Map(topic_exec-0 -> Vector(0), topic_init-0 -> Vector(0))) (kafka.controller.KafkaController)
[2018-06-17 05:43:18,056] DEBUG [Controller id=0] Topics not in preferred replica Map() (kafka.controller.KafkaController)
[2018-06-17 05:43:18,056] TRACE [Controller id=0] Leader imbalance ratio for broker 0 is 0.0 (kafka.controller.KafkaController)
