[2018-06-17 05:16:19,135] DEBUG preRegister called. Server=com.sun.jmx.mbeanserver.JmxMBeanServer@66d3c617, name=log4j:logger=state.change.logger (state.change.logger)
[2018-06-17 05:25:21,500] TRACE [Controller id=0 epoch=2] Received response {error_code=0} for a request sent to broker vps168153.superdata.vn:9092 (id: 0 rack: null) (state.change.logger)
[2018-06-17 05:28:13,103] TRACE [Controller id=0 epoch=3] Received response {error_code=0} for a request sent to broker vps168153.superdata.vn:9092 (id: 0 rack: null) (state.change.logger)
[2018-06-17 05:32:23,329] TRACE [Controller id=0 epoch=3] Changed partition topic_init-0 state from NonExistentPartition to NewPartition with assigned replicas 0 (state.change.logger)
[2018-06-17 05:32:23,336] TRACE [Controller id=0 epoch=3] Changed state of replica 0 for partition topic_init-0 from NonExistentReplica to NewReplica (state.change.logger)
[2018-06-17 05:32:23,370] TRACE [Controller id=0 epoch=3] Changed partition topic_init-0 from NewPartition to OnlinePartition with leader 0 (state.change.logger)
[2018-06-17 05:32:23,372] TRACE [Controller id=0 epoch=3] Sending become-leader LeaderAndIsr request PartitionState(controllerEpoch=3, leader=0, leaderEpoch=0, isr=0, zkVersion=0, replicas=0, isNew=true) to broker 0 for partition topic_init-0 (state.change.logger)
[2018-06-17 05:32:23,374] TRACE [Controller id=0 epoch=3] Sending UpdateMetadata request PartitionState(controllerEpoch=3, leader=0, leaderEpoch=0, isr=[0], zkVersion=0, replicas=[0], offlineReplicas=[]) to brokers Set(0) for partition topic_init-0 (state.change.logger)
[2018-06-17 05:32:23,374] TRACE [Controller id=0 epoch=3] Changed state of replica 0 for partition topic_init-0 from NewReplica to OnlineReplica (state.change.logger)
[2018-06-17 05:32:23,376] TRACE [Broker id=0] Received LeaderAndIsr request PartitionState(controllerEpoch=3, leader=0, leaderEpoch=0, isr=0, zkVersion=0, replicas=0, isNew=true) correlation id 1 from controller 0 epoch 3 for partition topic_init-0 (state.change.logger)
[2018-06-17 05:32:23,379] TRACE [Broker id=0] Handling LeaderAndIsr request correlationId 1 from controller 0 epoch 3 starting the become-leader transition for partition topic_init-0 (state.change.logger)
[2018-06-17 05:32:23,449] TRACE [Broker id=0] Stopped fetchers as part of become-leader request from controller 0 epoch 3 with correlation id 1 for partition topic_init-0 (last update controller epoch 3) (state.change.logger)
[2018-06-17 05:32:23,450] TRACE [Broker id=0] Completed LeaderAndIsr request correlationId 1 from controller 0 epoch 3 for the become-leader transition for partition topic_init-0 (state.change.logger)
[2018-06-17 05:32:23,458] TRACE [Controller id=0 epoch=3] Received response {error_code=0,partitions=[{topic=topic_init,partition=0,error_code=0}]} for a request sent to broker vps168153.superdata.vn:9092 (id: 0 rack: null) (state.change.logger)
[2018-06-17 05:32:23,461] TRACE [Broker id=0] Cached leader info PartitionState(controllerEpoch=3, leader=0, leaderEpoch=0, isr=[0], zkVersion=0, replicas=[0], offlineReplicas=[]) for partition topic_init-0 in response to UpdateMetadata request sent by controller 0 epoch 3 with correlation id 2 (state.change.logger)
[2018-06-17 05:32:23,465] TRACE [Controller id=0 epoch=3] Received response {error_code=0} for a request sent to broker vps168153.superdata.vn:9092 (id: 0 rack: null) (state.change.logger)
[2018-06-17 05:32:33,268] TRACE [Controller id=0 epoch=3] Changed partition topic_exec-0 state from NonExistentPartition to NewPartition with assigned replicas 0 (state.change.logger)
[2018-06-17 05:32:33,269] TRACE [Controller id=0 epoch=3] Changed state of replica 0 for partition topic_exec-0 from NonExistentReplica to NewReplica (state.change.logger)
[2018-06-17 05:32:33,319] TRACE [Controller id=0 epoch=3] Changed partition topic_exec-0 from NewPartition to OnlinePartition with leader 0 (state.change.logger)
[2018-06-17 05:32:33,320] TRACE [Controller id=0 epoch=3] Sending become-leader LeaderAndIsr request PartitionState(controllerEpoch=3, leader=0, leaderEpoch=0, isr=0, zkVersion=0, replicas=0, isNew=true) to broker 0 for partition topic_exec-0 (state.change.logger)
[2018-06-17 05:32:33,320] TRACE [Controller id=0 epoch=3] Sending UpdateMetadata request PartitionState(controllerEpoch=3, leader=0, leaderEpoch=0, isr=[0], zkVersion=0, replicas=[0], offlineReplicas=[]) to brokers Set(0) for partition topic_exec-0 (state.change.logger)
[2018-06-17 05:32:33,320] TRACE [Controller id=0 epoch=3] Changed state of replica 0 for partition topic_exec-0 from NewReplica to OnlineReplica (state.change.logger)
[2018-06-17 05:32:33,321] TRACE [Broker id=0] Received LeaderAndIsr request PartitionState(controllerEpoch=3, leader=0, leaderEpoch=0, isr=0, zkVersion=0, replicas=0, isNew=true) correlation id 3 from controller 0 epoch 3 for partition topic_exec-0 (state.change.logger)
[2018-06-17 05:32:33,322] TRACE [Broker id=0] Handling LeaderAndIsr request correlationId 3 from controller 0 epoch 3 starting the become-leader transition for partition topic_exec-0 (state.change.logger)
[2018-06-17 05:32:33,332] TRACE [Broker id=0] Stopped fetchers as part of become-leader request from controller 0 epoch 3 with correlation id 3 for partition topic_exec-0 (last update controller epoch 3) (state.change.logger)
[2018-06-17 05:32:33,332] TRACE [Broker id=0] Completed LeaderAndIsr request correlationId 3 from controller 0 epoch 3 for the become-leader transition for partition topic_exec-0 (state.change.logger)
[2018-06-17 05:32:33,332] TRACE [Controller id=0 epoch=3] Received response {error_code=0,partitions=[{topic=topic_exec,partition=0,error_code=0}]} for a request sent to broker vps168153.superdata.vn:9092 (id: 0 rack: null) (state.change.logger)
[2018-06-17 05:32:33,333] TRACE [Broker id=0] Cached leader info PartitionState(controllerEpoch=3, leader=0, leaderEpoch=0, isr=[0], zkVersion=0, replicas=[0], offlineReplicas=[]) for partition topic_exec-0 in response to UpdateMetadata request sent by controller 0 epoch 3 with correlation id 4 (state.change.logger)
[2018-06-17 05:32:33,335] TRACE [Controller id=0 epoch=3] Received response {error_code=0} for a request sent to broker vps168153.superdata.vn:9092 (id: 0 rack: null) (state.change.logger)
