[2018-06-17 05:16:19,115] INFO Reading configuration from: config/zookeeper.properties (org.apache.zookeeper.server.quorum.QuorumPeerConfig)
[2018-06-17 05:16:19,119] INFO autopurge.snapRetainCount set to 3 (org.apache.zookeeper.server.DatadirCleanupManager)
[2018-06-17 05:16:19,119] INFO autopurge.purgeInterval set to 0 (org.apache.zookeeper.server.DatadirCleanupManager)
[2018-06-17 05:16:19,119] INFO Purge task is not scheduled. (org.apache.zookeeper.server.DatadirCleanupManager)
[2018-06-17 05:16:19,119] WARN Either no config or no quorum defined in config, running  in standalone mode (org.apache.zookeeper.server.quorum.QuorumPeerMain)
[2018-06-17 05:16:19,141] INFO Reading configuration from: config/zookeeper.properties (org.apache.zookeeper.server.quorum.QuorumPeerConfig)
[2018-06-17 05:16:19,141] INFO Starting server (org.apache.zookeeper.server.ZooKeeperServerMain)
[2018-06-17 05:16:19,228] INFO Server environment:zookeeper.version=3.4.10-39d3a4f269333c922ed3db283be479f9deacaa0f, built on 03/23/2017 10:13 GMT (org.apache.zookeeper.server.ZooKeeperServer)
[2018-06-17 05:16:19,229] INFO Server environment:host.name=<NA> (org.apache.zookeeper.server.ZooKeeperServer)
[2018-06-17 05:16:19,229] INFO Server environment:java.version=1.8.0_171 (org.apache.zookeeper.server.ZooKeeperServer)
[2018-06-17 05:16:19,229] INFO Server environment:java.vendor=Oracle Corporation (org.apache.zookeeper.server.ZooKeeperServer)
[2018-06-17 05:16:19,229] INFO Server environment:java.home=/usr/lib/jvm/java-1.8.0-openjdk-1.8.0.171-8.b10.el7_5.x86_64/jre (org.apache.zookeeper.server.ZooKeeperServer)
[2018-06-17 05:16:19,229] INFO Server environment:java.class.path=:/root/jobqueues/Kafka2S/bin/../libs/aopalliance-repackaged-2.5.0-b32.jar:/root/jobqueues/Kafka2S/bin/../libs/argparse4j-0.7.0.jar:/root/jobqueues/Kafka2S/bin/../libs/commons-lang3-3.5.jar:/root/jobqueues/Kafka2S/bin/../libs/connect-api-1.0.0.jar:/root/jobqueues/Kafka2S/bin/../libs/connect-file-1.0.0.jar:/root/jobqueues/Kafka2S/bin/../libs/connect-json-1.0.0.jar:/root/jobqueues/Kafka2S/bin/../libs/connect-runtime-1.0.0.jar:/root/jobqueues/Kafka2S/bin/../libs/connect-transforms-1.0.0.jar:/root/jobqueues/Kafka2S/bin/../libs/guava-20.0.jar:/root/jobqueues/Kafka2S/bin/../libs/hk2-api-2.5.0-b32.jar:/root/jobqueues/Kafka2S/bin/../libs/hk2-locator-2.5.0-b32.jar:/root/jobqueues/Kafka2S/bin/../libs/hk2-utils-2.5.0-b32.jar:/root/jobqueues/Kafka2S/bin/../libs/jackson-annotations-2.9.1.jar:/root/jobqueues/Kafka2S/bin/../libs/jackson-core-2.9.1.jar:/root/jobqueues/Kafka2S/bin/../libs/jackson-databind-2.9.1.jar:/root/jobqueues/Kafka2S/bin/../libs/jackson-jaxrs-base-2.9.1.jar:/root/jobqueues/Kafka2S/bin/../libs/jackson-jaxrs-json-provider-2.9.1.jar:/root/jobqueues/Kafka2S/bin/../libs/jackson-module-jaxb-annotations-2.9.1.jar:/root/jobqueues/Kafka2S/bin/../libs/javassist-3.20.0-GA.jar:/root/jobqueues/Kafka2S/bin/../libs/javassist-3.21.0-GA.jar:/root/jobqueues/Kafka2S/bin/../libs/javax.annotation-api-1.2.jar:/root/jobqueues/Kafka2S/bin/../libs/javax.inject-1.jar:/root/jobqueues/Kafka2S/bin/../libs/javax.inject-2.5.0-b32.jar:/root/jobqueues/Kafka2S/bin/../libs/javax.servlet-api-3.1.0.jar:/root/jobqueues/Kafka2S/bin/../libs/javax.ws.rs-api-2.0.1.jar:/root/jobqueues/Kafka2S/bin/../libs/jersey-client-2.25.1.jar:/root/jobqueues/Kafka2S/bin/../libs/jersey-common-2.25.1.jar:/root/jobqueues/Kafka2S/bin/../libs/jersey-container-servlet-2.25.1.jar:/root/jobqueues/Kafka2S/bin/../libs/jersey-container-servlet-core-2.25.1.jar:/root/jobqueues/Kafka2S/bin/../libs/jersey-guava-2.25.1.jar:/root/jobqueues/Kafka2S/bin/../libs/jersey-media-jaxb-2.25.1.jar:/root/jobqueues/Kafka2S/bin/../libs/jersey-server-2.25.1.jar:/root/jobqueues/Kafka2S/bin/../libs/jetty-continuation-9.2.22.v20170606.jar:/root/jobqueues/Kafka2S/bin/../libs/jetty-http-9.2.22.v20170606.jar:/root/jobqueues/Kafka2S/bin/../libs/jetty-io-9.2.22.v20170606.jar:/root/jobqueues/Kafka2S/bin/../libs/jetty-security-9.2.22.v20170606.jar:/root/jobqueues/Kafka2S/bin/../libs/jetty-server-9.2.22.v20170606.jar:/root/jobqueues/Kafka2S/bin/../libs/jetty-servlet-9.2.22.v20170606.jar:/root/jobqueues/Kafka2S/bin/../libs/jetty-servlets-9.2.22.v20170606.jar:/root/jobqueues/Kafka2S/bin/../libs/jetty-util-9.2.22.v20170606.jar:/root/jobqueues/Kafka2S/bin/../libs/jopt-simple-5.0.4.jar:/root/jobqueues/Kafka2S/bin/../libs/kafka_2.11-1.0.0.jar:/root/jobqueues/Kafka2S/bin/../libs/kafka_2.11-1.0.0-sources.jar:/root/jobqueues/Kafka2S/bin/../libs/kafka_2.11-1.0.0-test-sources.jar:/root/jobqueues/Kafka2S/bin/../libs/kafka-clients-1.0.0.jar:/root/jobqueues/Kafka2S/bin/../libs/kafka-log4j-appender-1.0.0.jar:/root/jobqueues/Kafka2S/bin/../libs/kafka-streams-1.0.0.jar:/root/jobqueues/Kafka2S/bin/../libs/kafka-streams-examples-1.0.0.jar:/root/jobqueues/Kafka2S/bin/../libs/kafka-tools-1.0.0.jar:/root/jobqueues/Kafka2S/bin/../libs/log4j-1.2.17.jar:/root/jobqueues/Kafka2S/bin/../libs/lz4-java-1.4.jar:/root/jobqueues/Kafka2S/bin/../libs/maven-artifact-3.5.0.jar:/root/jobqueues/Kafka2S/bin/../libs/metrics-core-2.2.0.jar:/root/jobqueues/Kafka2S/bin/../libs/osgi-resource-locator-1.0.1.jar:/root/jobqueues/Kafka2S/bin/../libs/plexus-utils-3.0.24.jar:/root/jobqueues/Kafka2S/bin/../libs/reflections-0.9.11.jar:/root/jobqueues/Kafka2S/bin/../libs/rocksdbjni-5.7.3.jar:/root/jobqueues/Kafka2S/bin/../libs/scala-library-2.11.11.jar:/root/jobqueues/Kafka2S/bin/../libs/slf4j-api-1.7.25.jar:/root/jobqueues/Kafka2S/bin/../libs/slf4j-log4j12-1.7.25.jar:/root/jobqueues/Kafka2S/bin/../libs/snappy-java-1.1.4.jar:/root/jobqueues/Kafka2S/bin/../libs/validation-api-1.1.0.Final.jar:/root/jobqueues/Kafka2S/bin/../libs/zkclient-0.10.jar:/root/jobqueues/Kafka2S/bin/../libs/zookeeper-3.4.10.jar (org.apache.zookeeper.server.ZooKeeperServer)
[2018-06-17 05:16:19,229] INFO Server environment:java.library.path=/usr/java/packages/lib/amd64:/usr/lib64:/lib64:/lib:/usr/lib (org.apache.zookeeper.server.ZooKeeperServer)
[2018-06-17 05:16:19,229] INFO Server environment:java.io.tmpdir=/tmp (org.apache.zookeeper.server.ZooKeeperServer)
[2018-06-17 05:16:19,229] INFO Server environment:java.compiler=<NA> (org.apache.zookeeper.server.ZooKeeperServer)
[2018-06-17 05:16:19,230] INFO Server environment:os.name=Linux (org.apache.zookeeper.server.ZooKeeperServer)
[2018-06-17 05:16:19,230] INFO Server environment:os.arch=amd64 (org.apache.zookeeper.server.ZooKeeperServer)
[2018-06-17 05:16:19,230] INFO Server environment:os.version=3.10.0-862.3.2.el7.x86_64 (org.apache.zookeeper.server.ZooKeeperServer)
[2018-06-17 05:16:19,230] INFO Server environment:user.name=root (org.apache.zookeeper.server.ZooKeeperServer)
[2018-06-17 05:16:19,230] INFO Server environment:user.home=/root (org.apache.zookeeper.server.ZooKeeperServer)
[2018-06-17 05:16:19,230] INFO Server environment:user.dir=/root/jobqueues/Kafka2S (org.apache.zookeeper.server.ZooKeeperServer)
[2018-06-17 05:16:19,239] INFO tickTime set to 2000 (org.apache.zookeeper.server.ZooKeeperServer)
[2018-06-17 05:16:19,239] INFO minSessionTimeout set to -1 (org.apache.zookeeper.server.ZooKeeperServer)
[2018-06-17 05:16:19,239] INFO maxSessionTimeout set to -1 (org.apache.zookeeper.server.ZooKeeperServer)
[2018-06-17 05:16:19,251] INFO binding to port 0.0.0.0/0.0.0.0:2181 (org.apache.zookeeper.server.NIOServerCnxnFactory)
[2018-06-17 05:16:50,497] INFO Accepted socket connection from /0:0:0:0:0:0:0:1:34112 (org.apache.zookeeper.server.NIOServerCnxnFactory)
[2018-06-17 05:16:50,505] WARN Exception causing close of session 0x0 due to java.io.IOException: Len error 1195725856 (org.apache.zookeeper.server.NIOServerCnxn)
[2018-06-17 05:16:50,505] INFO Closed socket connection for client /0:0:0:0:0:0:0:1:34112 (no session established for client) (org.apache.zookeeper.server.NIOServerCnxn)
[2018-06-17 05:22:16,325] INFO Accepted socket connection from /127.0.0.1:34074 (org.apache.zookeeper.server.NIOServerCnxnFactory)
[2018-06-17 05:22:16,333] INFO Client attempting to establish new session at /127.0.0.1:34074 (org.apache.zookeeper.server.ZooKeeperServer)
[2018-06-17 05:22:16,337] INFO Creating new log file: log.1 (org.apache.zookeeper.server.persistence.FileTxnLog)
[2018-06-17 05:22:16,394] INFO Established session 0x1640aaba8420000 with negotiated timeout 6000 for client /127.0.0.1:34074 (org.apache.zookeeper.server.ZooKeeperServer)
[2018-06-17 05:22:16,454] INFO Got user-level KeeperException when processing sessionid:0x1640aaba8420000 type:create cxid:0x5 zxid:0x3 txntype:-1 reqpath:n/a Error Path:/brokers Error:KeeperErrorCode = NoNode for /brokers (org.apache.zookeeper.server.PrepRequestProcessor)
[2018-06-17 05:22:16,471] INFO Got user-level KeeperException when processing sessionid:0x1640aaba8420000 type:create cxid:0xb zxid:0x7 txntype:-1 reqpath:n/a Error Path:/config Error:KeeperErrorCode = NoNode for /config (org.apache.zookeeper.server.PrepRequestProcessor)
[2018-06-17 05:22:16,489] INFO Got user-level KeeperException when processing sessionid:0x1640aaba8420000 type:create cxid:0x13 zxid:0xc txntype:-1 reqpath:n/a Error Path:/admin Error:KeeperErrorCode = NoNode for /admin (org.apache.zookeeper.server.PrepRequestProcessor)
[2018-06-17 05:22:16,693] INFO Got user-level KeeperException when processing sessionid:0x1640aaba8420000 type:create cxid:0x1f zxid:0x13 txntype:-1 reqpath:n/a Error Path:/cluster Error:KeeperErrorCode = NoNode for /cluster (org.apache.zookeeper.server.PrepRequestProcessor)
[2018-06-17 05:22:17,359] INFO Got user-level KeeperException when processing sessionid:0x1640aaba8420000 type:setData cxid:0x2a zxid:0x17 txntype:-1 reqpath:n/a Error Path:/controller_epoch Error:KeeperErrorCode = NoNode for /controller_epoch (org.apache.zookeeper.server.PrepRequestProcessor)
[2018-06-17 05:22:17,476] INFO Got user-level KeeperException when processing sessionid:0x1640aaba8420000 type:delete cxid:0x46 zxid:0x1a txntype:-1 reqpath:n/a Error Path:/admin/preferred_replica_election Error:KeeperErrorCode = NoNode for /admin/preferred_replica_election (org.apache.zookeeper.server.PrepRequestProcessor)
[2018-06-17 05:22:19,491] INFO Processed session termination for sessionid: 0x1640aaba8420000 (org.apache.zookeeper.server.PrepRequestProcessor)
[2018-06-17 05:22:19,493] INFO Closed socket connection for client /127.0.0.1:34074 which had sessionid 0x1640aaba8420000 (org.apache.zookeeper.server.NIOServerCnxn)
[2018-06-17 05:25:20,506] INFO Accepted socket connection from /0:0:0:0:0:0:0:1:34134 (org.apache.zookeeper.server.NIOServerCnxnFactory)
[2018-06-17 05:25:20,509] INFO Client attempting to establish new session at /0:0:0:0:0:0:0:1:34134 (org.apache.zookeeper.server.ZooKeeperServer)
[2018-06-17 05:25:20,510] INFO Established session 0x1640aaba8420001 with negotiated timeout 6000 for client /0:0:0:0:0:0:0:1:34134 (org.apache.zookeeper.server.ZooKeeperServer)
[2018-06-17 05:25:21,415] INFO Got user-level KeeperException when processing sessionid:0x1640aaba8420001 type:delete cxid:0x35 zxid:0x20 txntype:-1 reqpath:n/a Error Path:/admin/preferred_replica_election Error:KeeperErrorCode = NoNode for /admin/preferred_replica_election (org.apache.zookeeper.server.PrepRequestProcessor)
[2018-06-17 05:25:21,426] INFO Got user-level KeeperException when processing sessionid:0x1640aaba8420001 type:create cxid:0x36 zxid:0x21 txntype:-1 reqpath:n/a Error Path:/brokers Error:KeeperErrorCode = NodeExists for /brokers (org.apache.zookeeper.server.PrepRequestProcessor)
[2018-06-17 05:25:21,426] INFO Got user-level KeeperException when processing sessionid:0x1640aaba8420001 type:create cxid:0x37 zxid:0x22 txntype:-1 reqpath:n/a Error Path:/brokers/ids Error:KeeperErrorCode = NodeExists for /brokers/ids (org.apache.zookeeper.server.PrepRequestProcessor)
[2018-06-17 05:26:17,341] INFO Processed session termination for sessionid: 0x1640aaba8420001 (org.apache.zookeeper.server.PrepRequestProcessor)
[2018-06-17 05:26:17,343] INFO Closed socket connection for client /0:0:0:0:0:0:0:1:34134 which had sessionid 0x1640aaba8420001 (org.apache.zookeeper.server.NIOServerCnxn)
[2018-06-17 05:28:12,046] INFO Accepted socket connection from /127.0.0.1:34090 (org.apache.zookeeper.server.NIOServerCnxnFactory)
[2018-06-17 05:28:12,050] INFO Client attempting to establish new session at /127.0.0.1:34090 (org.apache.zookeeper.server.ZooKeeperServer)
[2018-06-17 05:28:12,054] INFO Established session 0x1640aaba8420002 with negotiated timeout 6000 for client /127.0.0.1:34090 (org.apache.zookeeper.server.ZooKeeperServer)
[2018-06-17 05:28:13,006] INFO Got user-level KeeperException when processing sessionid:0x1640aaba8420002 type:create cxid:0x34 zxid:0x29 txntype:-1 reqpath:n/a Error Path:/brokers Error:KeeperErrorCode = NodeExists for /brokers (org.apache.zookeeper.server.PrepRequestProcessor)
[2018-06-17 05:28:13,006] INFO Got user-level KeeperException when processing sessionid:0x1640aaba8420002 type:create cxid:0x35 zxid:0x2a txntype:-1 reqpath:n/a Error Path:/brokers/ids Error:KeeperErrorCode = NodeExists for /brokers/ids (org.apache.zookeeper.server.PrepRequestProcessor)
[2018-06-17 05:28:13,028] INFO Got user-level KeeperException when processing sessionid:0x1640aaba8420002 type:delete cxid:0x3a zxid:0x2c txntype:-1 reqpath:n/a Error Path:/admin/preferred_replica_election Error:KeeperErrorCode = NoNode for /admin/preferred_replica_election (org.apache.zookeeper.server.PrepRequestProcessor)
[2018-06-17 05:32:23,293] INFO Got user-level KeeperException when processing sessionid:0x1640aaba8420002 type:setData cxid:0x41 zxid:0x2d txntype:-1 reqpath:n/a Error Path:/config/topics/topic_init Error:KeeperErrorCode = NoNode for /config/topics/topic_init (org.apache.zookeeper.server.PrepRequestProcessor)
[2018-06-17 05:32:23,300] INFO Got user-level KeeperException when processing sessionid:0x1640aaba8420002 type:create cxid:0x43 zxid:0x2e txntype:-1 reqpath:n/a Error Path:/config/topics Error:KeeperErrorCode = NodeExists for /config/topics (org.apache.zookeeper.server.PrepRequestProcessor)
[2018-06-17 05:32:23,339] INFO Got user-level KeeperException when processing sessionid:0x1640aaba8420002 type:create cxid:0x4b zxid:0x31 txntype:-1 reqpath:n/a Error Path:/brokers/topics/topic_init/partitions/0 Error:KeeperErrorCode = NoNode for /brokers/topics/topic_init/partitions/0 (org.apache.zookeeper.server.PrepRequestProcessor)
[2018-06-17 05:32:23,345] INFO Got user-level KeeperException when processing sessionid:0x1640aaba8420002 type:create cxid:0x4c zxid:0x32 txntype:-1 reqpath:n/a Error Path:/brokers/topics/topic_init/partitions Error:KeeperErrorCode = NoNode for /brokers/topics/topic_init/partitions (org.apache.zookeeper.server.PrepRequestProcessor)
[2018-06-17 05:32:33,248] INFO Got user-level KeeperException when processing sessionid:0x1640aaba8420002 type:setData cxid:0x55 zxid:0x36 txntype:-1 reqpath:n/a Error Path:/config/topics/topic_exec Error:KeeperErrorCode = NoNode for /config/topics/topic_exec (org.apache.zookeeper.server.PrepRequestProcessor)
[2018-06-17 05:32:33,252] INFO Got user-level KeeperException when processing sessionid:0x1640aaba8420002 type:create cxid:0x56 zxid:0x37 txntype:-1 reqpath:n/a Error Path:/config/topics Error:KeeperErrorCode = NodeExists for /config/topics (org.apache.zookeeper.server.PrepRequestProcessor)
[2018-06-17 05:32:33,271] INFO Got user-level KeeperException when processing sessionid:0x1640aaba8420002 type:create cxid:0x5e zxid:0x3a txntype:-1 reqpath:n/a Error Path:/brokers/topics/topic_exec/partitions/0 Error:KeeperErrorCode = NoNode for /brokers/topics/topic_exec/partitions/0 (org.apache.zookeeper.server.PrepRequestProcessor)
[2018-06-17 05:32:33,292] INFO Got user-level KeeperException when processing sessionid:0x1640aaba8420002 type:create cxid:0x5f zxid:0x3b txntype:-1 reqpath:n/a Error Path:/brokers/topics/topic_exec/partitions Error:KeeperErrorCode = NoNode for /brokers/topics/topic_exec/partitions (org.apache.zookeeper.server.PrepRequestProcessor)
[2018-06-17 05:35:03,971] INFO Got user-level KeeperException when processing sessionid:0x1640aaba8420002 type:setData cxid:0x66 zxid:0x3f txntype:-1 reqpath:n/a Error Path:/consumers/kafka-node-group/offsets/topic_init/0 Error:KeeperErrorCode = NoNode for /consumers/kafka-node-group/offsets/topic_init/0 (org.apache.zookeeper.server.PrepRequestProcessor)
[2018-06-17 05:35:03,974] INFO Got user-level KeeperException when processing sessionid:0x1640aaba8420002 type:create cxid:0x67 zxid:0x40 txntype:-1 reqpath:n/a Error Path:/consumers/kafka-node-group/offsets Error:KeeperErrorCode = NoNode for /consumers/kafka-node-group/offsets (org.apache.zookeeper.server.PrepRequestProcessor)
[2018-06-17 05:35:03,975] INFO Got user-level KeeperException when processing sessionid:0x1640aaba8420002 type:create cxid:0x68 zxid:0x41 txntype:-1 reqpath:n/a Error Path:/consumers/kafka-node-group Error:KeeperErrorCode = NoNode for /consumers/kafka-node-group (org.apache.zookeeper.server.PrepRequestProcessor)
[2018-06-17 05:35:04,009] INFO Got user-level KeeperException when processing sessionid:0x1640aaba8420002 type:setData cxid:0x6d zxid:0x46 txntype:-1 reqpath:n/a Error Path:/consumers/kafka-node-group/offsets/topic_exec/0 Error:KeeperErrorCode = NoNode for /consumers/kafka-node-group/offsets/topic_exec/0 (org.apache.zookeeper.server.PrepRequestProcessor)
[2018-06-17 05:35:25,482] WARN fsync-ing the write ahead log in SyncThread:0 took 1219ms which will adversely effect operation latency. See the ZooKeeper troubleshooting guide (org.apache.zookeeper.server.persistence.FileTxnLog)
